<?xml version="1.0" encoding="UTF-8"?>
<testsuite name="com.petermts.tmbackend.domain.TaskRepositoryIntegrationTest" tests="5" skipped="0" failures="0" errors="0" timestamp="2025-07-18T00:31:48.184Z" hostname="DESKTOP-9VCN31E" time="0.439">
  <properties/>
  <testcase name="Update existing task" classname="com.petermts.tmbackend.domain.TaskRepositoryIntegrationTest" time="0.295"/>
  <testcase name="Remove existing task" classname="com.petermts.tmbackend.domain.TaskRepositoryIntegrationTest" time="0.031"/>
  <testcase name="Fetch All tasks" classname="com.petermts.tmbackend.domain.TaskRepositoryIntegrationTest" time="0.042"/>
  <testcase name="Remove All tasks" classname="com.petermts.tmbackend.domain.TaskRepositoryIntegrationTest" time="0.039"/>
  <testcase name="Add new task" classname="com.petermts.tmbackend.domain.TaskRepositoryIntegrationTest" time="0.026"/>
  <system-out><![CDATA[2025-07-18T01:31:47.411+01:00  INFO 27784 --- [tmbackend] [    Test worker] t.c.s.AnnotationConfigContextLoaderUtils : Could not detect default configuration classes for test class [com.petermts.tmbackend.domain.TaskRepositoryIntegrationTest]: TaskRepositoryIntegrationTest does not declare any static, non-private, non-final, nested classes annotated with @Configuration.
2025-07-18T01:31:47.505+01:00  INFO 27784 --- [tmbackend] [    Test worker] .b.t.c.SpringBootTestContextBootstrapper : Found @SpringBootConfiguration com.petermts.tmbackend.TmbackendApplication for test class com.petermts.tmbackend.domain.TaskRepositoryIntegrationTest

  .   ____          _            __ _ _
 /\\ / ___'_ __ _ _(_)_ __  __ _ \ \ \ \
( ( )\___ | '_ | '_| | '_ \/ _` | \ \ \ \
 \\/  ___)| |_)| | | | | || (_| |  ) ) ) )
  '  |____| .__|_| |_|_| |_\__, | / / / /
 =========|_|==============|___/=/_/_/_/

 :: Spring Boot ::                (v3.5.0)

2025-07-18T01:31:47.572+01:00  INFO 27784 --- [tmbackend] [    Test worker] c.p.t.d.TaskRepositoryIntegrationTest    : Starting TaskRepositoryIntegrationTest using Java 17.0.0.1 with PID 27784 (started by User in C:\taskmanager\tmbackend)
2025-07-18T01:31:47.573+01:00  INFO 27784 --- [tmbackend] [    Test worker] c.p.t.d.TaskRepositoryIntegrationTest    : No active profile set, falling back to 1 default profile: "default"
2025-07-18T01:31:47.743+01:00  INFO 27784 --- [tmbackend] [    Test worker] .s.d.r.c.RepositoryConfigurationDelegate : Bootstrapping Spring Data JPA repositories in DEFAULT mode.
2025-07-18T01:31:47.764+01:00  INFO 27784 --- [tmbackend] [    Test worker] .s.d.r.c.RepositoryConfigurationDelegate : Finished Spring Data repository scanning in 18 ms. Found 2 JPA repository interfaces.
2025-07-18T01:31:47.784+01:00  INFO 27784 --- [tmbackend] [    Test worker] beddedDataSourceBeanFactoryPostProcessor : Replacing 'dataSource' DataSource bean with embedded version
2025-07-18T01:31:47.815+01:00  INFO 27784 --- [tmbackend] [    Test worker] o.s.j.d.e.EmbeddedDatabaseFactory        : Starting embedded database: url='jdbc:h2:mem:442c59ae-eb4c-4db3-84db-a6d438d14c5b;DB_CLOSE_DELAY=-1;DB_CLOSE_ON_EXIT=false', username='sa'
2025-07-18T01:31:47.860+01:00  INFO 27784 --- [tmbackend] [    Test worker] o.hibernate.jpa.internal.util.LogHelper  : HHH000204: Processing PersistenceUnitInfo [name: default]
2025-07-18T01:31:47.869+01:00  INFO 27784 --- [tmbackend] [    Test worker] o.h.c.internal.RegionFactoryInitiator    : HHH000026: Second-level cache disabled
2025-07-18T01:31:47.902+01:00  INFO 27784 --- [tmbackend] [    Test worker] o.s.o.j.p.SpringPersistenceUnitInfo      : No LoadTimeWeaver setup: ignoring JPA class transformer
2025-07-18T01:31:47.907+01:00  INFO 27784 --- [tmbackend] [    Test worker] org.hibernate.orm.connections.pooling    : HHH10001005: Database info:
	Database JDBC URL [Connecting through datasource 'org.springframework.jdbc.datasource.embedded.EmbeddedDatabaseFactory$EmbeddedDataSourceProxy@7edad7d2']
	Database driver: undefined/unknown
	Database version: 2.3.232
	Autocommit mode: undefined/unknown
	Isolation level: undefined/unknown
	Minimum pool size: undefined/unknown
	Maximum pool size: undefined/unknown
Hibernate: create global temporary table HTE_status(rn_ integer not null, id bigint, status varchar(40), primary key (rn_)) TRANSACTIONAL
Hibernate: create global temporary table HTE_task(rn_ integer not null, due timestamp(6), id bigint, status bigint, title varchar(60), description varchar(512), primary key (rn_)) TRANSACTIONAL
2025-07-18T01:31:47.993+01:00  INFO 27784 --- [tmbackend] [    Test worker] o.h.e.t.j.p.i.JtaPlatformInitiator       : HHH000489: No JTA platform available (set 'hibernate.transaction.jta.platform' to enable JTA platform integration)
Hibernate: drop table if exists status cascade 
Hibernate: drop table if exists task cascade 
Hibernate: drop sequence if exists status_seq
Hibernate: drop sequence if exists task_seq
Hibernate: create sequence status_seq start with 1 increment by 50
Hibernate: create sequence task_seq start with 1 increment by 50
Hibernate: create table status (id bigint not null, status varchar(40) not null, primary key (id))
Hibernate: create table task (due timestamp(6) not null, id bigint not null, status bigint, title varchar(60) not null, description varchar(512), primary key (id))
Hibernate: alter table if exists task add constraint FKio4h16n2qjj7hwuo2sp0u223m foreign key (status) references status
2025-07-18T01:31:48.005+01:00  INFO 27784 --- [tmbackend] [    Test worker] j.LocalContainerEntityManagerFactoryBean : Initialized JPA EntityManagerFactory for persistence unit 'default'
2025-07-18T01:31:48.090+01:00  INFO 27784 --- [tmbackend] [    Test worker] c.p.t.d.TaskRepositoryIntegrationTest    : Started TaskRepositoryIntegrationTest in 0.578 seconds (process running for 16.773)
Hibernate: select next value for status_seq
Hibernate: insert into status (status,id) values (?,?)
Hibernate: select next value for status_seq
Hibernate: insert into status (status,id) values (?,?)
Hibernate: insert into status (status,id) values (?,?)
Hibernate: select s1_0.id,s1_0.status from status s1_0 order by s1_0.status
2025-07-18T01:31:48.115+01:00  INFO 27784 --- [tmbackend] [    Test worker] c.p.tmbackend.TmbackendApplication       : Status [id=1, status=Backlog]
2025-07-18T01:31:48.115+01:00  INFO 27784 --- [tmbackend] [    Test worker] c.p.tmbackend.TmbackendApplication       : Status [id=3, status=Completed]
2025-07-18T01:31:48.115+01:00  INFO 27784 --- [tmbackend] [    Test worker] c.p.tmbackend.TmbackendApplication       : Status [id=2, status=In Progress]
Hibernate: select s1_0.id,s1_0.status from status s1_0 where s1_0.status=?
Hibernate: select next value for task_seq
Hibernate: insert into task (description,due,status,title,id) values (?,?,?,?,?)
Hibernate: select s1_0.id,s1_0.status from status s1_0 where s1_0.status=?
Hibernate: select next value for task_seq
Hibernate: insert into task (description,due,status,title,id) values (?,?,?,?,?)
Hibernate: select s1_0.id,s1_0.status from status s1_0 where s1_0.status=?
Hibernate: insert into task (description,due,status,title,id) values (?,?,?,?,?)
Hibernate: select s1_0.id,s1_0.status from status s1_0 where s1_0.status=?
Hibernate: insert into task (description,due,status,title,id) values (?,?,?,?,?)
Hibernate: select s1_0.id,s1_0.status from status s1_0 where s1_0.status=?
Hibernate: insert into task (description,due,status,title,id) values (?,?,?,?,?)
Hibernate: select t1_0.id,t1_0.description,t1_0.due,s1_0.id,s1_0.status,t1_0.title from task t1_0 join status s1_0 on s1_0.id=t1_0.status
2025-07-18T01:31:48.174+01:00  INFO 27784 --- [tmbackend] [    Test worker] c.p.tmbackend.TmbackendApplication       : Task [id=1, title=Case 100, description=Burglary, status=Status [id=1, status=Backlog], due=2025-08-05 09:00:00.0]
2025-07-18T01:31:48.174+01:00  INFO 27784 --- [tmbackend] [    Test worker] c.p.tmbackend.TmbackendApplication       : Task [id=2, title=Case 101, description=Fraud, status=Status [id=2, status=In Progress], due=2025-08-08 09:00:00.0]
2025-07-18T01:31:48.174+01:00  INFO 27784 --- [tmbackend] [    Test worker] c.p.tmbackend.TmbackendApplication       : Task [id=3, title=Case 102, description=Assault, status=Status [id=2, status=In Progress], due=2025-08-10 09:00:00.0]
2025-07-18T01:31:48.174+01:00  INFO 27784 --- [tmbackend] [    Test worker] c.p.tmbackend.TmbackendApplication       : Task [id=4, title=Case 103, description=Murder, status=Status [id=3, status=Completed], due=2024-08-05 09:00:00.0]
2025-07-18T01:31:48.175+01:00  INFO 27784 --- [tmbackend] [    Test worker] c.p.tmbackend.TmbackendApplication       : Task [id=5, title=Case 104, description=null, status=Status [id=1, status=Backlog], due=2026-08-05 09:00:00.0]
Hibernate: select t1_0.id,t1_0.description,t1_0.due,s1_0.id,s1_0.status,t1_0.title from task t1_0 join status s1_0 on s1_0.id=t1_0.status
2025-07-18T01:31:48.180+01:00  INFO 27784 --- [tmbackend] [    Test worker] c.p.tmbackend.TmbackendApplication       : Task [id=1, title=Case 100, description=Burglary, status=Status [id=1, status=Backlog], due=2025-08-05 09:00:00.0]
2025-07-18T01:31:48.180+01:00  INFO 27784 --- [tmbackend] [    Test worker] c.p.tmbackend.TmbackendApplication       : Task [id=2, title=Case 101, description=Fraud, status=Status [id=2, status=In Progress], due=2025-08-08 09:00:00.0]
2025-07-18T01:31:48.181+01:00  INFO 27784 --- [tmbackend] [    Test worker] c.p.tmbackend.TmbackendApplication       : Task [id=3, title=Case 102, description=Assault, status=Status [id=2, status=In Progress], due=2025-08-10 09:00:00.0]
2025-07-18T01:31:48.181+01:00  INFO 27784 --- [tmbackend] [    Test worker] c.p.tmbackend.TmbackendApplication       : Task [id=4, title=Case 103, description=Murder, status=Status [id=3, status=Completed], due=2024-08-05 09:00:00.0]
2025-07-18T01:31:48.181+01:00  INFO 27784 --- [tmbackend] [    Test worker] c.p.tmbackend.TmbackendApplication       : Task [id=5, title=Case 104, description=null, status=Status [id=1, status=Backlog], due=2026-08-05 09:00:00.0]
Hibernate: select t1_0.id,t1_0.description,t1_0.due,s1_0.id,s1_0.status,t1_0.title from task t1_0 join status s1_0 on s1_0.id=t1_0.status
Hibernate: select t1_0.id,t1_0.description,t1_0.due,t1_0.status,t1_0.title from task t1_0
Hibernate: select s1_0.id,s1_0.status from status s1_0 where s1_0.status=?
Hibernate: insert into task (description,due,status,title,id) values (?,?,?,?,?)
Hibernate: delete from task where id=?
Hibernate: delete from task where id=?
Hibernate: delete from task where id=?
Hibernate: delete from task where id=?
Hibernate: delete from task where id=?
Hibernate: select t1_0.id,t1_0.description,t1_0.due,t1_0.status,t1_0.title from task t1_0 where t1_0.title=?
Hibernate: update task set description=?,due=?,status=?,title=? where id=?
Hibernate: select t1_0.id,t1_0.description,t1_0.due,t1_0.status,t1_0.title from task t1_0 where t1_0.title=?
Hibernate: select t1_0.id,t1_0.description,t1_0.due,t1_0.status,t1_0.title from task t1_0 where t1_0.title=?
Hibernate: select t1_0.id,t1_0.description,t1_0.due,s1_0.id,s1_0.status,t1_0.title from task t1_0 join status s1_0 on s1_0.id=t1_0.status
Hibernate: select t1_0.id,t1_0.description,t1_0.due,t1_0.status,t1_0.title from task t1_0
Hibernate: select s1_0.id,s1_0.status from status s1_0 where s1_0.status=?
Hibernate: insert into task (description,due,status,title,id) values (?,?,?,?,?)
Hibernate: delete from task where id=?
Hibernate: delete from task where id=?
Hibernate: delete from task where id=?
Hibernate: delete from task where id=?
Hibernate: delete from task where id=?
Hibernate: select t1_0.id,t1_0.description,t1_0.due,t1_0.status,t1_0.title from task t1_0 where t1_0.title=?
Hibernate: delete from task where id=?
Hibernate: select t1_0.id,t1_0.description,t1_0.due,t1_0.status,t1_0.title from task t1_0 where t1_0.title=?
Hibernate: select t1_0.id,t1_0.description,t1_0.due,s1_0.id,s1_0.status,t1_0.title from task t1_0 join status s1_0 on s1_0.id=t1_0.status
Hibernate: select t1_0.id,t1_0.description,t1_0.due,t1_0.status,t1_0.title from task t1_0
Hibernate: select s1_0.id,s1_0.status from status s1_0 where s1_0.status=?
Hibernate: select s1_0.id,s1_0.status from status s1_0 where s1_0.status=?
Hibernate: select s1_0.id,s1_0.status from status s1_0 where s1_0.status=?
Hibernate: insert into task (description,due,status,title,id) values (?,?,?,?,?)
Hibernate: insert into task (description,due,status,title,id) values (?,?,?,?,?)
Hibernate: insert into task (description,due,status,title,id) values (?,?,?,?,?)
Hibernate: delete from task where id=?
Hibernate: delete from task where id=?
Hibernate: delete from task where id=?
Hibernate: delete from task where id=?
Hibernate: delete from task where id=?
Hibernate: select t1_0.id,t1_0.description,t1_0.due,t1_0.status,t1_0.title from task t1_0
Hibernate: delete from task where id=?
Hibernate: delete from task where id=?
Hibernate: delete from task where id=?
Hibernate: select t1_0.id,t1_0.description,t1_0.due,s1_0.id,s1_0.status,t1_0.title from task t1_0 join status s1_0 on s1_0.id=t1_0.status
Hibernate: select t1_0.id,t1_0.description,t1_0.due,s1_0.id,s1_0.status,t1_0.title from task t1_0 join status s1_0 on s1_0.id=t1_0.status
Hibernate: select t1_0.id,t1_0.description,t1_0.due,t1_0.status,t1_0.title from task t1_0
Hibernate: select s1_0.id,s1_0.status from status s1_0 where s1_0.status=?
Hibernate: select s1_0.id,s1_0.status from status s1_0 where s1_0.status=?
Hibernate: select s1_0.id,s1_0.status from status s1_0 where s1_0.status=?
Hibernate: insert into task (description,due,status,title,id) values (?,?,?,?,?)
Hibernate: insert into task (description,due,status,title,id) values (?,?,?,?,?)
Hibernate: insert into task (description,due,status,title,id) values (?,?,?,?,?)
Hibernate: delete from task where id=?
Hibernate: delete from task where id=?
Hibernate: delete from task where id=?
Hibernate: delete from task where id=?
Hibernate: delete from task where id=?
Hibernate: select t1_0.id,t1_0.description,t1_0.due,s1_0.id,s1_0.status,t1_0.title from task t1_0 join status s1_0 on s1_0.id=t1_0.status
Hibernate: select t1_0.id,t1_0.description,t1_0.due,s1_0.id,s1_0.status,t1_0.title from task t1_0 join status s1_0 on s1_0.id=t1_0.status
Hibernate: select t1_0.id,t1_0.description,t1_0.due,s1_0.id,s1_0.status,t1_0.title from task t1_0 join status s1_0 on s1_0.id=t1_0.status
Hibernate: select t1_0.id,t1_0.description,t1_0.due,t1_0.status,t1_0.title from task t1_0
Hibernate: select s1_0.id,s1_0.status from status s1_0 where s1_0.status=?
Hibernate: insert into task (description,due,status,title,id) values (?,?,?,?,?)
Hibernate: delete from task where id=?
Hibernate: delete from task where id=?
Hibernate: delete from task where id=?
Hibernate: delete from task where id=?
Hibernate: delete from task where id=?
Hibernate: select t1_0.id,t1_0.description,t1_0.due,t1_0.status,t1_0.title from task t1_0 where t1_0.title=?
Hibernate: select t1_0.id,t1_0.description,t1_0.due,t1_0.status,t1_0.title from task t1_0 where t1_0.title=?
]]></system-out>
  <system-err><![CDATA[]]></system-err>
</testsuite>
