<?xml version="1.0" encoding="UTF-8"?>
<testsuite name="com.petermts.tmbackend.TmbackendApplicationTests" tests="1" skipped="0" failures="0" errors="0" timestamp="2025-07-18T00:31:45.806Z" hostname="DESKTOP-9VCN31E" time="1.593">
  <properties/>
  <testcase name="First example test case" classname="com.petermts.tmbackend.TmbackendApplicationTests" time="1.593"/>
  <system-out><![CDATA[01:31:33.656 [Test worker] INFO org.springframework.test.context.support.AnnotationConfigContextLoaderUtils -- Could not detect default configuration classes for test class [com.petermts.tmbackend.TmbackendApplicationTests]: TmbackendApplicationTests does not declare any static, non-private, non-final, nested classes annotated with @Configuration.
01:31:33.939 [Test worker] INFO org.springframework.boot.test.context.SpringBootTestContextBootstrapper -- Found @SpringBootConfiguration com.petermts.tmbackend.TmbackendApplication for test class com.petermts.tmbackend.TmbackendApplicationTests

  .   ____          _            __ _ _
 /\\ / ___'_ __ _ _(_)_ __  __ _ \ \ \ \
( ( )\___ | '_ | '_| | '_ \/ _` | \ \ \ \
 \\/  ___)| |_)| | | | | || (_| |  ) ) ) )
  '  |____| .__|_| |_|_| |_\__, | / / / /
 =========|_|==============|___/=/_/_/_/

 :: Spring Boot ::                (v3.5.0)

2025-07-18T01:31:34.889+01:00  INFO 27784 --- [tmbackend] [    Test worker] c.p.tmbackend.TmbackendApplicationTests  : Starting TmbackendApplicationTests using Java 17.0.0.1 with PID 27784 (started by User in C:\taskmanager\tmbackend)
2025-07-18T01:31:34.891+01:00  INFO 27784 --- [tmbackend] [    Test worker] c.p.tmbackend.TmbackendApplicationTests  : No active profile set, falling back to 1 default profile: "default"
2025-07-18T01:31:36.472+01:00  INFO 27784 --- [tmbackend] [    Test worker] .s.d.r.c.RepositoryConfigurationDelegate : Bootstrapping Spring Data JPA repositories in DEFAULT mode.
2025-07-18T01:31:36.601+01:00  INFO 27784 --- [tmbackend] [    Test worker] .s.d.r.c.RepositoryConfigurationDelegate : Finished Spring Data repository scanning in 103 ms. Found 2 JPA repository interfaces.
2025-07-18T01:31:38.165+01:00  INFO 27784 --- [tmbackend] [    Test worker] com.zaxxer.hikari.HikariDataSource       : HikariPool-1 - Starting...
2025-07-18T01:31:38.536+01:00  INFO 27784 --- [tmbackend] [    Test worker] com.zaxxer.hikari.pool.HikariPool        : HikariPool-1 - Added connection conn0: url=jdbc:h2:mem:testdb user=SA
2025-07-18T01:31:38.540+01:00  INFO 27784 --- [tmbackend] [    Test worker] com.zaxxer.hikari.HikariDataSource       : HikariPool-1 - Start completed.
2025-07-18T01:31:38.657+01:00  INFO 27784 --- [tmbackend] [    Test worker] o.hibernate.jpa.internal.util.LogHelper  : HHH000204: Processing PersistenceUnitInfo [name: default]
2025-07-18T01:31:38.789+01:00  INFO 27784 --- [tmbackend] [    Test worker] org.hibernate.Version                    : HHH000412: Hibernate ORM core version 6.6.15.Final
2025-07-18T01:31:38.868+01:00  INFO 27784 --- [tmbackend] [    Test worker] o.h.c.internal.RegionFactoryInitiator    : HHH000026: Second-level cache disabled
2025-07-18T01:31:39.598+01:00  INFO 27784 --- [tmbackend] [    Test worker] o.s.o.j.p.SpringPersistenceUnitInfo      : No LoadTimeWeaver setup: ignoring JPA class transformer
2025-07-18T01:31:39.753+01:00  INFO 27784 --- [tmbackend] [    Test worker] org.hibernate.orm.connections.pooling    : HHH10001005: Database info:
	Database JDBC URL [Connecting through datasource 'HikariDataSource (HikariPool-1)']
	Database driver: undefined/unknown
	Database version: 2.3.232
	Autocommit mode: undefined/unknown
	Isolation level: undefined/unknown
	Minimum pool size: undefined/unknown
	Maximum pool size: undefined/unknown
Hibernate: create global temporary table HTE_status(rn_ integer not null, id bigint, status varchar(40), primary key (rn_)) TRANSACTIONAL
Hibernate: create global temporary table HTE_task(rn_ integer not null, due timestamp(6), id bigint, status bigint, title varchar(60), description varchar(512), primary key (rn_)) TRANSACTIONAL
2025-07-18T01:31:41.325+01:00  INFO 27784 --- [tmbackend] [    Test worker] o.h.e.t.j.p.i.JtaPlatformInitiator       : HHH000489: No JTA platform available (set 'hibernate.transaction.jta.platform' to enable JTA platform integration)
Hibernate: drop table if exists status cascade 
Hibernate: drop table if exists task cascade 
Hibernate: drop sequence if exists status_seq
Hibernate: drop sequence if exists task_seq
Hibernate: create sequence status_seq start with 1 increment by 50
Hibernate: create sequence task_seq start with 1 increment by 50
Hibernate: create table status (id bigint not null, status varchar(40) not null, primary key (id))
Hibernate: create table task (due timestamp(6) not null, id bigint not null, status bigint, title varchar(60) not null, description varchar(512), primary key (id))
Hibernate: alter table if exists task add constraint FKio4h16n2qjj7hwuo2sp0u223m foreign key (status) references status
2025-07-18T01:31:41.398+01:00  INFO 27784 --- [tmbackend] [    Test worker] j.LocalContainerEntityManagerFactoryBean : Initialized JPA EntityManagerFactory for persistence unit 'default'
2025-07-18T01:31:41.989+01:00  INFO 27784 --- [tmbackend] [    Test worker] o.s.d.j.r.query.QueryEnhancerFactory     : Hibernate is in classpath; If applicable, HQL parser will be used.
2025-07-18T01:31:43.301+01:00  WARN 27784 --- [tmbackend] [    Test worker] JpaBaseConfiguration$JpaWebConfiguration : spring.jpa.open-in-view is enabled by default. Therefore, database queries may be performed during view rendering. Explicitly configure spring.jpa.open-in-view to disable this warning
2025-07-18T01:31:44.279+01:00  WARN 27784 --- [tmbackend] [    Test worker] .s.s.UserDetailsServiceAutoConfiguration : 

Using generated security password: 82fb0839-235c-46f0-a24b-5f789dff9412

This generated password is for development use only. Your security configuration must be updated before running your application in production.

2025-07-18T01:31:44.296+01:00  INFO 27784 --- [tmbackend] [    Test worker] r$InitializeUserDetailsManagerConfigurer : Global AuthenticationManager configured with UserDetailsService bean with name inMemoryUserDetailsManager
2025-07-18T01:31:45.100+01:00  INFO 27784 --- [tmbackend] [    Test worker] o.s.b.a.h2.H2ConsoleAutoConfiguration    : H2 console available at '/h2-console '. Database available at 'jdbc:h2:mem:testdb'
2025-07-18T01:31:45.275+01:00  INFO 27784 --- [tmbackend] [    Test worker] c.p.tmbackend.TmbackendApplicationTests  : Started TmbackendApplicationTests in 10.997 seconds (process running for 13.958)
Hibernate: select next value for status_seq
Hibernate: insert into status (status,id) values (?,?)
Hibernate: select next value for status_seq
Hibernate: insert into status (status,id) values (?,?)
Hibernate: insert into status (status,id) values (?,?)
Hibernate: select s1_0.id,s1_0.status from status s1_0 order by s1_0.status
2025-07-18T01:31:45.601+01:00  INFO 27784 --- [tmbackend] [    Test worker] c.p.tmbackend.TmbackendApplication       : Status [id=1, status=Backlog]
2025-07-18T01:31:45.601+01:00  INFO 27784 --- [tmbackend] [    Test worker] c.p.tmbackend.TmbackendApplication       : Status [id=3, status=Completed]
2025-07-18T01:31:45.602+01:00  INFO 27784 --- [tmbackend] [    Test worker] c.p.tmbackend.TmbackendApplication       : Status [id=2, status=In Progress]
Hibernate: select s1_0.id,s1_0.status from status s1_0 where s1_0.status=?
Hibernate: select next value for task_seq
Hibernate: insert into task (description,due,status,title,id) values (?,?,?,?,?)
Hibernate: select s1_0.id,s1_0.status from status s1_0 where s1_0.status=?
Hibernate: select next value for task_seq
Hibernate: insert into task (description,due,status,title,id) values (?,?,?,?,?)
Hibernate: select s1_0.id,s1_0.status from status s1_0 where s1_0.status=?
Hibernate: insert into task (description,due,status,title,id) values (?,?,?,?,?)
Hibernate: select s1_0.id,s1_0.status from status s1_0 where s1_0.status=?
Hibernate: insert into task (description,due,status,title,id) values (?,?,?,?,?)
Hibernate: select s1_0.id,s1_0.status from status s1_0 where s1_0.status=?
Hibernate: insert into task (description,due,status,title,id) values (?,?,?,?,?)
Hibernate: select t1_0.id,t1_0.description,t1_0.due,s1_0.id,s1_0.status,t1_0.title from task t1_0 join status s1_0 on s1_0.id=t1_0.status
2025-07-18T01:31:45.744+01:00  INFO 27784 --- [tmbackend] [    Test worker] c.p.tmbackend.TmbackendApplication       : Task [id=1, title=Case 100, description=Burglary, status=Status [id=1, status=Backlog], due=2025-08-05 09:00:00.0]
2025-07-18T01:31:45.744+01:00  INFO 27784 --- [tmbackend] [    Test worker] c.p.tmbackend.TmbackendApplication       : Task [id=2, title=Case 101, description=Fraud, status=Status [id=2, status=In Progress], due=2025-08-08 09:00:00.0]
2025-07-18T01:31:45.744+01:00  INFO 27784 --- [tmbackend] [    Test worker] c.p.tmbackend.TmbackendApplication       : Task [id=3, title=Case 102, description=Assault, status=Status [id=2, status=In Progress], due=2025-08-10 09:00:00.0]
2025-07-18T01:31:45.745+01:00  INFO 27784 --- [tmbackend] [    Test worker] c.p.tmbackend.TmbackendApplication       : Task [id=4, title=Case 103, description=Murder, status=Status [id=3, status=Completed], due=2024-08-05 09:00:00.0]
2025-07-18T01:31:45.745+01:00  INFO 27784 --- [tmbackend] [    Test worker] c.p.tmbackend.TmbackendApplication       : Task [id=5, title=Case 104, description=null, status=Status [id=1, status=Backlog], due=2026-08-05 09:00:00.0]
Hibernate: select t1_0.id,t1_0.description,t1_0.due,s1_0.id,s1_0.status,t1_0.title from task t1_0 join status s1_0 on s1_0.id=t1_0.status
2025-07-18T01:31:45.749+01:00  INFO 27784 --- [tmbackend] [    Test worker] c.p.tmbackend.TmbackendApplication       : Task [id=1, title=Case 100, description=Burglary, status=Status [id=1, status=Backlog], due=2025-08-05 09:00:00.0]
2025-07-18T01:31:45.750+01:00  INFO 27784 --- [tmbackend] [    Test worker] c.p.tmbackend.TmbackendApplication       : Task [id=2, title=Case 101, description=Fraud, status=Status [id=2, status=In Progress], due=2025-08-08 09:00:00.0]
2025-07-18T01:31:45.750+01:00  INFO 27784 --- [tmbackend] [    Test worker] c.p.tmbackend.TmbackendApplication       : Task [id=3, title=Case 102, description=Assault, status=Status [id=2, status=In Progress], due=2025-08-10 09:00:00.0]
2025-07-18T01:31:45.750+01:00  INFO 27784 --- [tmbackend] [    Test worker] c.p.tmbackend.TmbackendApplication       : Task [id=4, title=Case 103, description=Murder, status=Status [id=3, status=Completed], due=2024-08-05 09:00:00.0]
2025-07-18T01:31:45.751+01:00  INFO 27784 --- [tmbackend] [    Test worker] c.p.tmbackend.TmbackendApplication       : Task [id=5, title=Case 104, description=null, status=Status [id=1, status=Backlog], due=2026-08-05 09:00:00.0]
]]></system-out>
  <system-err><![CDATA[]]></system-err>
</testsuite>
